<?xml version="1.0" encoding="UTF-8"?>
<testsuite xmlns:xsi="http://www.w3.org/2001/XMLSchema-instance" xsi:noNamespaceSchemaLocation="https://maven.apache.org/surefire/maven-surefire-plugin/xsd/surefire-test-report-3.0.xsd" version="3.0" name="edu.laplateforme.runtrackjavaspring.RuntrackjavaspringApplicationTests" time="3.873" tests="1" errors="0" skipped="0" failures="0">
  <properties>
[...]
</properties>
  <testcase name="contextLoads" classname="edu.laplateforme.runtrackjavaspring.RuntrackjavaspringApplicationTests" time="1.025">
    <system-out><![CDATA[10:57:00.504 [main] INFO org.springframework.test.context.support.AnnotationConfigContextLoaderUtils -- Could not detect default configuration classes for test class [edu.laplateforme.runtrackjavaspring.RuntrackjavaspringApplicationTests]: RuntrackjavaspringApplicationTests does not declare any static, non-private, non-final, nested classes annotated with @Configuration.
10:57:00.643 [main] INFO org.springframework.boot.test.context.SpringBootTestContextBootstrapper -- Found @SpringBootConfiguration edu.laplateforme.runtrackjavaspring.RuntrackjavaspringApplication for test class edu.laplateforme.runtrackjavaspring.RuntrackjavaspringApplicationTests

  .   ____          _            __ _ _
 /\\ / ___'_ __ _ _(_)_ __  __ _ \ \ \ \
( ( )\___ | '_ | '_| | '_ \/ _` | \ \ \ \
 \\/  ___)| |_)| | | | | || (_| |  ) ) ) )
  '  |____| .__|_| |_|_| |_\__, | / / / /
 =========|_|==============|___/=/_/_/_/
 :: Spring Boot ::                (v3.1.3)

2023-09-19T10:57:01.412+02:00  INFO 12595 --- [           main] e.l.r.RuntrackjavaspringApplicationTests : Starting RuntrackjavaspringApplicationTests using Java 17.0.6 with PID 12595 (started by yoann in /home/yoann/LaPlateforme/Git/runtrack_java_spring)
2023-09-19T10:57:01.422+02:00  INFO 12595 --- [           main] e.l.r.RuntrackjavaspringApplicationTests : No active profile set, falling back to 1 default profile: "dev"
2023-09-19T10:57:02.998+02:00  WARN 12595 --- [           main] ion$DefaultTemplateResolverConfiguration : Cannot find template location: classpath:/templates/ (please add some templates, check your Thymeleaf configuration, or set spring.thymeleaf.check-template-location=false)
2023-09-19T10:57:03.080+02:00  INFO 12595 --- [           main] e.l.r.RuntrackjavaspringApplicationTests : Started RuntrackjavaspringApplicationTests in 2.211 seconds (process running for 3.604)
]]></system-out>
  </testcase>
</testsuite>